$ python3 scripts/test_init.py
Bootstrap tests passed
$ python3 scripts/test_iot_runtime.py
test_anonymous_publish_must_be_rejected (__main__.IoTRuntimeHarnessTests.test_anonymous_publish_must_be_rejected) ... ok
test_startup_failure_prints_diagnostics_and_cleans_up (__main__.IoTRuntimeHarnessTests.test_startup_failure_prints_diagnostics_and_cleans_up) ... ok
test_success_is_isolated_and_proves_restart_persistence (__main__.IoTRuntimeHarnessTests.test_success_is_isolated_and_proves_restart_persistence) ... ok

----------------------------------------------------------------------
Ran 3 tests in 0.105s

OK
$ python3 scripts/check_iot_runtime_policy.py
IoT runtime policy checks passed
$ python3 scripts/check_static.py
Static checks passed
$ python3 scripts/test_check_images.py
test_normalizes_and_deduplicates_rendered_images (__main__.ComposeImagesTests.test_normalizes_and_deduplicates_rendered_images) ... ok
test_rejects_an_empty_rendered_image_list (__main__.ComposeImagesTests.test_rejects_an_empty_rendered_image_list) ... ok
test_backup_helper_is_pinned (__main__.HelperImagesTests.test_backup_helper_is_pinned) ... ok
test_extracts_exact_bootstrap_helper_assignments (__main__.HelperImagesTests.test_extracts_exact_bootstrap_helper_assignments) ... ok
test_rejects_a_missing_helper_assignment (__main__.HelperImagesTests.test_rejects_a_missing_helper_assignment) ... ok
test_mosquitto_placeholder_matches_supported_pbkdf2_shape (__main__.LocalComposeInputTests.test_mosquitto_placeholder_matches_supported_pbkdf2_shape) ... FAIL
test_prefers_local_env_and_falls_back_to_example (__main__.LocalComposeInputTests.test_prefers_local_env_and_falls_back_to_example) ... ok
test_temporary_placeholders_preserve_existing_files_and_cleanup (__main__.LocalComposeInputTests.test_temporary_placeholders_preserve_existing_files_and_cleanup) ... ok
test_temporary_placeholders_remove_a_created_directory (__main__.LocalComposeInputTests.test_temporary_placeholders_remove_a_created_directory) ... ok
test_parses_docker_manifest_list_and_normalizes_arm64_variant (__main__.ManifestPlatformsTests.test_parses_docker_manifest_list_and_normalizes_arm64_variant) ... ok
test_parses_oci_index_and_ignores_non_linux_descriptors (__main__.ManifestPlatformsTests.test_parses_oci_index_and_ignores_non_linux_descriptors) ... ok
test_rejects_malformed_json (__main__.ManifestPlatformsTests.test_rejects_malformed_json) ... ok
test_single_platform_manifest_has_no_multi_platform_descriptors (__main__.ManifestPlatformsTests.test_single_platform_manifest_has_no_multi_platform_descriptors) ... ok
test_reports_no_gap_when_all_required_platforms_exist (__main__.MissingPlatformsTests.test_reports_no_gap_when_all_required_platforms_exist) ... ok
test_reports_only_required_platforms_that_are_absent (__main__.MissingPlatformsTests.test_reports_only_required_platforms_that_are_absent) ... ok

======================================================================
FAIL: test_mosquitto_placeholder_matches_supported_pbkdf2_shape (__main__.LocalComposeInputTests.test_mosquitto_placeholder_matches_supported_pbkdf2_shape)
----------------------------------------------------------------------
Traceback (most recent call last):
  File "/home/runner/work/docker-compose-files/docker-compose-files/scripts/test_check_images.py", line 66, in test_mosquitto_placeholder_matches_supported_pbkdf2_shape
    self.assertEqual(
AssertionError: 'manifest-check:$argon2id$v=19$m=19456,t=2,p=1$placeholder$placeholder' != 'manifest-check:$7$220000$placeholder$placeholder'
- manifest-check:$argon2id$v=19$m=19456,t=2,p=1$placeholder$placeholder
+ manifest-check:$7$220000$placeholder$placeholder


----------------------------------------------------------------------
Ran 15 tests in 0.003s

FAILED (failures=1)
$ python3 scripts/test_check_images.py
test_normalizes_and_deduplicates_rendered_images (__main__.ComposeImagesTests.test_normalizes_and_deduplicates_rendered_images) ... ok
test_rejects_an_empty_rendered_image_list (__main__.ComposeImagesTests.test_rejects_an_empty_rendered_image_list) ... ok
test_backup_helper_is_pinned (__main__.HelperImagesTests.test_backup_helper_is_pinned) ... ok
test_extracts_exact_bootstrap_helper_assignments (__main__.HelperImagesTests.test_extracts_exact_bootstrap_helper_assignments) ... ok
test_rejects_a_missing_helper_assignment (__main__.HelperImagesTests.test_rejects_a_missing_helper_assignment) ... ok
test_mosquitto_placeholder_matches_supported_pbkdf2_shape (__main__.LocalComposeInputTests.test_mosquitto_placeholder_matches_supported_pbkdf2_shape) ... ok
test_prefers_local_env_and_falls_back_to_example (__main__.LocalComposeInputTests.test_prefers_local_env_and_falls_back_to_example) ... ok
test_temporary_placeholders_preserve_existing_files_and_cleanup (__main__.LocalComposeInputTests.test_temporary_placeholders_preserve_existing_files_and_cleanup) ... ok
test_temporary_placeholders_remove_a_created_directory (__main__.LocalComposeInputTests.test_temporary_placeholders_remove_a_created_directory) ... ok
test_parses_docker_manifest_list_and_normalizes_arm64_variant (__main__.ManifestPlatformsTests.test_parses_docker_manifest_list_and_normalizes_arm64_variant) ... ok
test_parses_oci_index_and_ignores_non_linux_descriptors (__main__.ManifestPlatformsTests.test_parses_oci_index_and_ignores_non_linux_descriptors) ... ok
test_rejects_malformed_json (__main__.ManifestPlatformsTests.test_rejects_malformed_json) ... ok
test_single_platform_manifest_has_no_multi_platform_descriptors (__main__.ManifestPlatformsTests.test_single_platform_manifest_has_no_multi_platform_descriptors) ... ok
test_reports_no_gap_when_all_required_platforms_exist (__main__.MissingPlatformsTests.test_reports_no_gap_when_all_required_platforms_exist) ... ok
test_reports_only_required_platforms_that_are_absent (__main__.MissingPlatformsTests.test_reports_only_required_platforms_that_are_absent) ... ok

----------------------------------------------------------------------
Ran 15 tests in 0.002s

OK
$ python3 scripts/check_runtime_policy.py
Runtime policy checks passed
$ python3 scripts/check_backup_policy.py
ERROR: README backup verification documentation is missing: ### 5. Изолированная backup/restore runtime-проверка
$ python3 scripts/check_static.py
ERROR: README verification model is missing: ## Пять уровней проверки
ERROR: README verification model is missing: | Backup helper Alpine | `3.24.1` |
$ python3 scripts/check_runtime_policy.py
Runtime policy checks passed
$ python3 scripts/check_iot_runtime_policy.py
IoT runtime policy checks passed
$ python3 scripts/check_backup_policy.py
Backup policy checks passed
$ python3 scripts/check_static.py
Static checks passed
$ python3 scripts/check_static.py
ERROR: Renovate must discover HELPER_IMAGE in scripts/backup.py through the Docker datasource
$ python3 -m json.tool renovate.json
{
    "$schema": "https://docs.renovatebot.com/renovate-schema.json",
    "extends": [
        "config:recommended"
    ],
    "dependencyDashboard": true,
    "minimumReleaseAge": "3 days",
    "customManagers": [
        {
            "description": "Update helper container images used by scripts/init.sh",
            "customType": "regex",
            "managerFilePatterns": [
                "/^scripts\\/init\\.sh$/"
            ],
            "matchStrings": [
                "(?<depType>[A-Z_]+)_IMAGE=(?<depName>[^:\\s]+):(?<currentValue>[^\\s]+)"
            ],
            "datasourceTemplate": "docker"
        },
        {
            "description": "Update the backup helper container image used by scripts/backup.py",
            "customType": "regex",
            "managerFilePatterns": [
                "/^scripts\\/backup\\.py$/"
            ],
            "matchStrings": [
                "HELPER_IMAGE\\s*=\\s*\"(?<depName>[^:\\s\"]+):(?<currentValue>[^\\s\"]+)\""
            ],
            "datasourceTemplate": "docker"
        }
    ],
    "packageRules": [
        {
            "description": "Group container image updates",
            "matchManagers": [
                "docker-compose",
                "custom.regex"
            ],
            "groupName": "container images",
            "groupSlug": "container-images",
            "schedule": [
                "before 6am on Monday"
            ]
        },
        {
            "description": "Group GitHub Actions updates",
            "matchManagers": [
                "github-actions"
            ],
            "groupName": "github actions",
            "groupSlug": "github-actions",
            "schedule": [
                "before 6am on Monday"
            ]
        }
    ]
}
$ python3 scripts/check_static.py
Static checks passed
$ python3 scripts/check_backup_policy.py
ERROR: backup behavioral contract is missing: test_tar_rejects_non_directory_root_member
ERROR: backup behavioral contract is missing: test_later_restore_failure_reports_populated_preexisting_volume
ERROR: backup regressions must live in scripts/test_backup.py, not a separate test file
$ python3 scripts/test_backup.py
test_cli_verify_has_no_traceback (__main__.BackupTests.test_cli_verify_has_no_traceback) ... ok
test_create_publishes_atomically_and_records_missing (__main__.BackupTests.test_create_publishes_atomically_and_records_missing) ... ok
test_create_refuses_all_missing_inventory (__main__.BackupTests.test_create_refuses_all_missing_inventory) ... ok
test_create_refuses_attached_and_non_local_volumes (__main__.BackupTests.test_create_refuses_attached_and_non_local_volumes) ... ok
test_create_refuses_project_containers (__main__.BackupTests.test_create_refuses_project_containers) ... ok
test_create_refuses_unsafe_existing_backup_root (__main__.BackupTests.test_create_refuses_unsafe_existing_backup_root) ... ok
test_exact_inventory_and_helper (__main__.BackupTests.test_exact_inventory_and_helper) ... ok
test_failed_restore_removes_only_created_volumes (__main__.BackupTests.test_failed_restore_removes_only_created_volumes) ... ok
test_project_name_precedence_and_validation (__main__.BackupTests.test_project_name_precedence_and_validation) ... ok
test_restore_creates_labels_and_restores_sorted (__main__.BackupTests.test_restore_creates_labels_and_restores_sorted) ... ok
test_restore_refuses_conflicting_compose_labels (__main__.BackupTests.test_restore_refuses_conflicting_compose_labels) ... ok
test_restore_refuses_non_empty_target_before_creating_any_volume (__main__.BackupTests.test_restore_refuses_non_empty_target_before_creating_any_volume) ... ok
test_restore_refuses_unknown_archived_volume_before_docker (__main__.BackupTests.test_restore_refuses_unknown_archived_volume_before_docker) ... ok
test_tar_accepts_safe_relative_symlink_and_hardlink (__main__.BackupTests.test_tar_accepts_safe_relative_symlink_and_hardlink) ... ok
test_tar_rejects_unsafe_members (__main__.BackupTests.test_tar_rejects_unsafe_members) ... ok
test_verify_rejects_checksum_mismatch (__main__.BackupTests.test_verify_rejects_checksum_mismatch) ... ok
test_verify_rejects_symlinked_fixed_entry (__main__.BackupTests.test_verify_rejects_symlinked_fixed_entry) ... ok
test_verify_rejects_unexpected_archive (__main__.BackupTests.test_verify_rejects_unexpected_archive) ... ok
test_verify_rejects_unknown_manifest_keys (__main__.BackupTests.test_verify_rejects_unknown_manifest_keys) ... ok
test_verify_valid_snapshot_and_snapshot_declared_inventory (__main__.BackupTests.test_verify_valid_snapshot_and_snapshot_declared_inventory) ... ok
test_later_restore_failure_reports_populated_preexisting_volume (__main__.ConsolidatedBackupRegressionTests.test_later_restore_failure_reports_populated_preexisting_volume) ... ok
test_tar_rejects_non_directory_root_member (__main__.ConsolidatedBackupRegressionTests.test_tar_rejects_non_directory_root_member) ... ok

----------------------------------------------------------------------
Ran 22 tests in 0.149s

OK
$ python3 scripts/check_backup_policy.py
Backup policy checks passed
$ python3 scripts/check_static.py
Static checks passed
$ python3 scripts/test_init.py
Bootstrap tests passed
$ python3 scripts/test_iot_runtime.py
test_anonymous_publish_must_be_rejected (__main__.IoTRuntimeHarnessTests.test_anonymous_publish_must_be_rejected) ... ok
test_startup_failure_prints_diagnostics_and_cleans_up (__main__.IoTRuntimeHarnessTests.test_startup_failure_prints_diagnostics_and_cleans_up) ... ok
test_success_is_isolated_and_proves_restart_persistence (__main__.IoTRuntimeHarnessTests.test_success_is_isolated_and_proves_restart_persistence) ... ok

----------------------------------------------------------------------
Ran 3 tests in 0.099s

OK
$ python3 scripts/test_check_images.py
test_normalizes_and_deduplicates_rendered_images (__main__.ComposeImagesTests.test_normalizes_and_deduplicates_rendered_images) ... ok
test_rejects_an_empty_rendered_image_list (__main__.ComposeImagesTests.test_rejects_an_empty_rendered_image_list) ... ok
test_backup_helper_is_pinned (__main__.HelperImagesTests.test_backup_helper_is_pinned) ... ok
test_extracts_exact_bootstrap_helper_assignments (__main__.HelperImagesTests.test_extracts_exact_bootstrap_helper_assignments) ... ok
test_rejects_a_missing_helper_assignment (__main__.HelperImagesTests.test_rejects_a_missing_helper_assignment) ... ok
test_mosquitto_placeholder_matches_supported_pbkdf2_shape (__main__.LocalComposeInputTests.test_mosquitto_placeholder_matches_supported_pbkdf2_shape) ... ok
test_prefers_local_env_and_falls_back_to_example (__main__.LocalComposeInputTests.test_prefers_local_env_and_falls_back_to_example) ... ok
test_temporary_placeholders_preserve_existing_files_and_cleanup (__main__.LocalComposeInputTests.test_temporary_placeholders_preserve_existing_files_and_cleanup) ... ok
test_temporary_placeholders_remove_a_created_directory (__main__.LocalComposeInputTests.test_temporary_placeholders_remove_a_created_directory) ... ok
test_parses_docker_manifest_list_and_normalizes_arm64_variant (__main__.ManifestPlatformsTests.test_parses_docker_manifest_list_and_normalizes_arm64_variant) ... ok
test_parses_oci_index_and_ignores_non_linux_descriptors (__main__.ManifestPlatformsTests.test_parses_oci_index_and_ignores_non_linux_descriptors) ... ok
test_rejects_malformed_json (__main__.ManifestPlatformsTests.test_rejects_malformed_json) ... ok
test_single_platform_manifest_has_no_multi_platform_descriptors (__main__.ManifestPlatformsTests.test_single_platform_manifest_has_no_multi_platform_descriptors) ... ok
test_reports_no_gap_when_all_required_platforms_exist (__main__.MissingPlatformsTests.test_reports_no_gap_when_all_required_platforms_exist) ... ok
test_reports_only_required_platforms_that_are_absent (__main__.MissingPlatformsTests.test_reports_only_required_platforms_that_are_absent) ... ok

----------------------------------------------------------------------
Ran 15 tests in 0.002s

OK
$ python3 scripts/test_backup.py
test_cli_verify_has_no_traceback (__main__.BackupTests.test_cli_verify_has_no_traceback) ... ok
test_create_publishes_atomically_and_records_missing (__main__.BackupTests.test_create_publishes_atomically_and_records_missing) ... ok
test_create_refuses_all_missing_inventory (__main__.BackupTests.test_create_refuses_all_missing_inventory) ... ok
test_create_refuses_attached_and_non_local_volumes (__main__.BackupTests.test_create_refuses_attached_and_non_local_volumes) ... ok
test_create_refuses_project_containers (__main__.BackupTests.test_create_refuses_project_containers) ... ok
test_create_refuses_unsafe_existing_backup_root (__main__.BackupTests.test_create_refuses_unsafe_existing_backup_root) ... ok
test_exact_inventory_and_helper (__main__.BackupTests.test_exact_inventory_and_helper) ... ok
test_failed_restore_removes_only_created_volumes (__main__.BackupTests.test_failed_restore_removes_only_created_volumes) ... ok
test_project_name_precedence_and_validation (__main__.BackupTests.test_project_name_precedence_and_validation) ... ok
test_restore_creates_labels_and_restores_sorted (__main__.BackupTests.test_restore_creates_labels_and_restores_sorted) ... ok
test_restore_refuses_conflicting_compose_labels (__main__.BackupTests.test_restore_refuses_conflicting_compose_labels) ... ok
test_restore_refuses_non_empty_target_before_creating_any_volume (__main__.BackupTests.test_restore_refuses_non_empty_target_before_creating_any_volume) ... ok
test_restore_refuses_unknown_archived_volume_before_docker (__main__.BackupTests.test_restore_refuses_unknown_archived_volume_before_docker) ... ok
test_tar_accepts_safe_relative_symlink_and_hardlink (__main__.BackupTests.test_tar_accepts_safe_relative_symlink_and_hardlink) ... ok
test_tar_rejects_unsafe_members (__main__.BackupTests.test_tar_rejects_unsafe_members) ... ok
test_verify_rejects_checksum_mismatch (__main__.BackupTests.test_verify_rejects_checksum_mismatch) ... ok
test_verify_rejects_symlinked_fixed_entry (__main__.BackupTests.test_verify_rejects_symlinked_fixed_entry) ... ok
test_verify_rejects_unexpected_archive (__main__.BackupTests.test_verify_rejects_unexpected_archive) ... ok
test_verify_rejects_unknown_manifest_keys (__main__.BackupTests.test_verify_rejects_unknown_manifest_keys) ... ok
test_verify_valid_snapshot_and_snapshot_declared_inventory (__main__.BackupTests.test_verify_valid_snapshot_and_snapshot_declared_inventory) ... ok
test_later_restore_failure_reports_populated_preexisting_volume (__main__.ConsolidatedBackupRegressionTests.test_later_restore_failure_reports_populated_preexisting_volume) ... ok
test_tar_rejects_non_directory_root_member (__main__.ConsolidatedBackupRegressionTests.test_tar_rejects_non_directory_root_member) ... ok

----------------------------------------------------------------------
Ran 22 tests in 0.147s

OK
$ python3 scripts/check_iot_runtime_policy.py
IoT runtime policy checks passed
$ python3 scripts/check_runtime_policy.py
Runtime policy checks passed
$ python3 scripts/check_backup_policy.py
Backup policy checks passed
$ python3 scripts/check_static.py
Static checks passed
$ python3 -m json.tool renovate.json
{
    "$schema": "https://docs.renovatebot.com/renovate-schema.json",
    "extends": [
        "config:recommended"
    ],
    "dependencyDashboard": true,
    "minimumReleaseAge": "3 days",
    "customManagers": [
        {
            "description": "Update helper container images used by scripts/init.sh",
            "customType": "regex",
            "managerFilePatterns": [
                "/^scripts\\/init\\.sh$/"
            ],
            "matchStrings": [
                "(?<depType>[A-Z_]+)_IMAGE=(?<depName>[^:\\s]+):(?<currentValue>[^\\s]+)"
            ],
            "datasourceTemplate": "docker"
        },
        {
            "description": "Update the backup helper container image used by scripts/backup.py",
            "customType": "regex",
            "managerFilePatterns": [
                "/^scripts\\/backup\\.py$/"
            ],
            "matchStrings": [
                "HELPER_IMAGE\\s*=\\s*\"(?<depName>[^:\\s\"]+):(?<currentValue>[^\\s\"]+)\""
            ],
            "datasourceTemplate": "docker"
        }
    ],
    "packageRules": [
        {
            "description": "Group container image updates",
            "matchManagers": [
                "docker-compose",
                "custom.regex"
            ],
            "groupName": "container images",
            "groupSlug": "container-images",
            "schedule": [
                "before 6am on Monday"
            ]
        },
        {
            "description": "Group GitHub Actions updates",
            "matchManagers": [
                "github-actions"
            ],
            "groupName": "github actions",
            "groupSlug": "github-actions",
            "schedule": [
                "before 6am on Monday"
            ]
        }
    ]
}
$ ./scripts/check.sh
Static checks passed
Runtime policy checks passed
IoT runtime policy checks passed
Backup policy checks passed
Bootstrap tests passed
All checks passed
test_normalizes_and_deduplicates_rendered_images (__main__.ComposeImagesTests.test_normalizes_and_deduplicates_rendered_images) ... ok
test_rejects_an_empty_rendered_image_list (__main__.ComposeImagesTests.test_rejects_an_empty_rendered_image_list) ... ok
test_backup_helper_is_pinned (__main__.HelperImagesTests.test_backup_helper_is_pinned) ... ok
test_extracts_exact_bootstrap_helper_assignments (__main__.HelperImagesTests.test_extracts_exact_bootstrap_helper_assignments) ... ok
test_rejects_a_missing_helper_assignment (__main__.HelperImagesTests.test_rejects_a_missing_helper_assignment) ... ok
test_mosquitto_placeholder_matches_supported_pbkdf2_shape (__main__.LocalComposeInputTests.test_mosquitto_placeholder_matches_supported_pbkdf2_shape) ... ok
test_prefers_local_env_and_falls_back_to_example (__main__.LocalComposeInputTests.test_prefers_local_env_and_falls_back_to_example) ... ok
test_temporary_placeholders_preserve_existing_files_and_cleanup (__main__.LocalComposeInputTests.test_temporary_placeholders_preserve_existing_files_and_cleanup) ... ok
test_temporary_placeholders_remove_a_created_directory (__main__.LocalComposeInputTests.test_temporary_placeholders_remove_a_created_directory) ... ok
test_parses_docker_manifest_list_and_normalizes_arm64_variant (__main__.ManifestPlatformsTests.test_parses_docker_manifest_list_and_normalizes_arm64_variant) ... ok
test_parses_oci_index_and_ignores_non_linux_descriptors (__main__.ManifestPlatformsTests.test_parses_oci_index_and_ignores_non_linux_descriptors) ... ok
test_rejects_malformed_json (__main__.ManifestPlatformsTests.test_rejects_malformed_json) ... ok
test_single_platform_manifest_has_no_multi_platform_descriptors (__main__.ManifestPlatformsTests.test_single_platform_manifest_has_no_multi_platform_descriptors) ... ok
test_reports_no_gap_when_all_required_platforms_exist (__main__.MissingPlatformsTests.test_reports_no_gap_when_all_required_platforms_exist) ... ok
test_reports_only_required_platforms_that_are_absent (__main__.MissingPlatformsTests.test_reports_only_required_platforms_that_are_absent) ... ok

----------------------------------------------------------------------
Ran 15 tests in 0.003s

OK
test_startup_failure_prints_diagnostics_and_cleans_up (__main__.RuntimeHarnessTests.test_startup_failure_prints_diagnostics_and_cleans_up) ... ok
test_success_uses_isolated_profiles_and_cleans_up (__main__.RuntimeHarnessTests.test_success_uses_isolated_profiles_and_cleans_up) ... ok

----------------------------------------------------------------------
Ran 2 tests in 0.163s

OK
test_anonymous_publish_must_be_rejected (__main__.IoTRuntimeHarnessTests.test_anonymous_publish_must_be_rejected) ... ok
test_startup_failure_prints_diagnostics_and_cleans_up (__main__.IoTRuntimeHarnessTests.test_startup_failure_prints_diagnostics_and_cleans_up) ... ok
test_success_is_isolated_and_proves_restart_persistence (__main__.IoTRuntimeHarnessTests.test_success_is_isolated_and_proves_restart_persistence) ... ok

----------------------------------------------------------------------
Ran 3 tests in 0.099s

OK
test_cli_verify_has_no_traceback (__main__.BackupTests.test_cli_verify_has_no_traceback) ... ok
test_create_publishes_atomically_and_records_missing (__main__.BackupTests.test_create_publishes_atomically_and_records_missing) ... ok
test_create_refuses_all_missing_inventory (__main__.BackupTests.test_create_refuses_all_missing_inventory) ... ok
test_create_refuses_attached_and_non_local_volumes (__main__.BackupTests.test_create_refuses_attached_and_non_local_volumes) ... ok
test_create_refuses_project_containers (__main__.BackupTests.test_create_refuses_project_containers) ... ok
test_create_refuses_unsafe_existing_backup_root (__main__.BackupTests.test_create_refuses_unsafe_existing_backup_root) ... ok
test_exact_inventory_and_helper (__main__.BackupTests.test_exact_inventory_and_helper) ... ok
test_failed_restore_removes_only_created_volumes (__main__.BackupTests.test_failed_restore_removes_only_created_volumes) ... ok
test_project_name_precedence_and_validation (__main__.BackupTests.test_project_name_precedence_and_validation) ... ok
test_restore_creates_labels_and_restores_sorted (__main__.BackupTests.test_restore_creates_labels_and_restores_sorted) ... ok
test_restore_refuses_conflicting_compose_labels (__main__.BackupTests.test_restore_refuses_conflicting_compose_labels) ... ok
test_restore_refuses_non_empty_target_before_creating_any_volume (__main__.BackupTests.test_restore_refuses_non_empty_target_before_creating_any_volume) ... ok
test_restore_refuses_unknown_archived_volume_before_docker (__main__.BackupTests.test_restore_refuses_unknown_archived_volume_before_docker) ... ok
test_tar_accepts_safe_relative_symlink_and_hardlink (__main__.BackupTests.test_tar_accepts_safe_relative_symlink_and_hardlink) ... ok
test_tar_rejects_unsafe_members (__main__.BackupTests.test_tar_rejects_unsafe_members) ... ok
test_verify_rejects_checksum_mismatch (__main__.BackupTests.test_verify_rejects_checksum_mismatch) ... ok
test_verify_rejects_symlinked_fixed_entry (__main__.BackupTests.test_verify_rejects_symlinked_fixed_entry) ... ok
test_verify_rejects_unexpected_archive (__main__.BackupTests.test_verify_rejects_unexpected_archive) ... ok
test_verify_rejects_unknown_manifest_keys (__main__.BackupTests.test_verify_rejects_unknown_manifest_keys) ... ok
test_verify_valid_snapshot_and_snapshot_declared_inventory (__main__.BackupTests.test_verify_valid_snapshot_and_snapshot_declared_inventory) ... ok
test_later_restore_failure_reports_populated_preexisting_volume (__main__.ConsolidatedBackupRegressionTests.test_later_restore_failure_reports_populated_preexisting_volume) ... ok
test_tar_rejects_non_directory_root_member (__main__.ConsolidatedBackupRegressionTests.test_tar_rejects_non_directory_root_member) ... ok

----------------------------------------------------------------------
Ran 22 tests in 0.149s

OK
$ git diff --check
 D .github/workflows/apply-consistency.yml
 M README.md
 M renovate.json
 M scripts/check.sh
 M scripts/check_backup_policy.py
 M scripts/check_images.py
 M scripts/check_runtime_policy.py
 M scripts/check_static.py
 M scripts/test_backup.py
 D scripts/test_backup_tar_root.py
 M scripts/test_check_images.py
 D tools/apply_consistency_changes.py
 D tools/apply_consistency_v2.py
?? apply-consistency.log

Consistency and simplification applicator v2 completed
